c:\users\george\dropbox\c++\modern1\demo1\demo1\x64\debug\vc143.pdb
c:\users\george\dropbox\c++\modern1\demo1\demo1\x64\debug\vc143.idb
c:\users\george\dropbox\c++\modern1\demo1\demo1\x64\debug\myprogram.obj
c:\users\george\dropbox\c++\modern1\demo1\demo1\x64\debug\basicplane.figures-rectangle.obj
c:\users\george\dropbox\c++\modern1\demo1\demo1\x64\debug\lambda_newfeatures.ixx.ifc
c:\users\george\dropbox\c++\modern1\demo1\demo1\x64\debug\lambda_newfeatures.ixx.ifc.d.json
c:\users\george\dropbox\c++\modern1\demo1\demo1\x64\debug\lambda_newfeatures.ixx.obj
c:\users\george\dropbox\c++\modern1\demo1\demo1\x64\debug\basicplane.figures.ixx.ifc
c:\users\george\dropbox\c++\modern1\demo1\demo1\x64\debug\basicplane.figures.ixx.ifc.d.json
c:\users\george\dropbox\c++\modern1\demo1\demo1\x64\debug\basicplane.figures.ixx.obj
c:\users\george\dropbox\c++\modern1\demo1\demo1\x64\debug\example.ixx.ifc
c:\users\george\dropbox\c++\modern1\demo1\demo1\x64\debug\example.ixx.ifc.d.json
c:\users\george\dropbox\c++\modern1\demo1\demo1\x64\debug\example.ixx.obj
c:\users\george\dropbox\c++\modern1\demo1\demo1\x64\debug\concept_templatemodule.ixx.ifc
c:\users\george\dropbox\c++\modern1\demo1\demo1\x64\debug\concept_templatemodule.ixx.ifc.d.json
c:\users\george\dropbox\c++\modern1\demo1\demo1\x64\debug\concept_templatemodule.ixx.obj
c:\users\george\dropbox\c++\modern1\demo1\demo1\x64\debug\basicplane.figures-rectangle.ixx.ifc
c:\users\george\dropbox\c++\modern1\demo1\demo1\x64\debug\basicplane.figures-rectangle.ixx.ifc.d.json
c:\users\george\dropbox\c++\modern1\demo1\demo1\x64\debug\basicplane.figures-rectangle.ixx.obj
c:\users\george\dropbox\c++\modern1\demo1\demo1\x64\debug\basicplane.figures-point.ixx.ifc
c:\users\george\dropbox\c++\modern1\demo1\demo1\x64\debug\basicplane.figures-point.ixx.ifc.d.json
c:\users\george\dropbox\c++\modern1\demo1\demo1\x64\debug\basicplane.figures-point.ixx.obj
c:\users\george\dropbox\c++\modern1\demo1\demo1\x64\debug\demo1.ilk
c:\users\george\dropbox\c++\modern1\demo1\x64\debug\demo1.exe
c:\users\george\dropbox\c++\modern1\demo1\x64\debug\demo1.pdb
c:\users\george\dropbox\c++\modern1\demo1\demo1\x64\debug\concept_templatemodule.ixx.module.json
c:\users\george\dropbox\c++\modern1\demo1\demo1\x64\debug\lambda_newfeatures.ixx.module.json
c:\users\george\dropbox\c++\modern1\demo1\demo1\x64\debug\example.ixx.module.json
c:\users\george\dropbox\c++\modern1\demo1\demo1\x64\debug\basicplane.figures-rectangle.ixx.module.json
c:\users\george\dropbox\c++\modern1\demo1\demo1\x64\debug\basicplane.figures.ixx.module.json
c:\users\george\dropbox\c++\modern1\demo1\demo1\x64\debug\basicplane.figures-point.ixx.module.json
c:\users\george\dropbox\c++\modern1\demo1\demo1\x64\debug\demo1.tlog\cl.command.1.tlog
c:\users\george\dropbox\c++\modern1\demo1\demo1\x64\debug\demo1.tlog\cl.items.tlog
c:\users\george\dropbox\c++\modern1\demo1\demo1\x64\debug\demo1.tlog\cl.read.1.tlog
c:\users\george\dropbox\c++\modern1\demo1\demo1\x64\debug\demo1.tlog\cl.write.1.tlog
c:\users\george\dropbox\c++\modern1\demo1\demo1\x64\debug\demo1.tlog\link.command.1.tlog
c:\users\george\dropbox\c++\modern1\demo1\demo1\x64\debug\demo1.tlog\link.read.1.tlog
c:\users\george\dropbox\c++\modern1\demo1\demo1\x64\debug\demo1.tlog\link.write.1.tlog
c:\users\george\dropbox\c++\modern1\demo1\demo1\x64\debug\demo1_md.tlog\cl.command.1.tlog
c:\users\george\dropbox\c++\modern1\demo1\demo1\x64\debug\demo1_md.tlog\microsoft.build.cpptasks.cl.read.1.tlog
c:\users\george\dropbox\c++\modern1\demo1\demo1\x64\debug\demo1_md.tlog\microsoft.build.cpptasks.cl.write.1.tlog
